sys.path is : ['/home/hting/VIAS-V100R001B01D020/vias_install', '/usr/lib64/python27.zip', '/usr/lib64/python2.7', '/usr/lib64/python2.7/plat-linux2', '/usr/lib64/python2.7/lib-tk', '/usr/lib64/python2.7/lib-old', '/usr/lib64/python2.7/lib-dynload', '/usr/lib64/python2.7/site-packages', '/usr/lib64/python2.7/site-packages/gtk-2.0', '/usr/lib/python2.7/site-packages', '/var/lib/restful/common/src']
dir is : /home/hting/VIAS-V100R001B01D020/vias_install
data is : {u'CONFIG_POSTGRES_PASSWORD': u'pgsql', u'CONFIG_POSTGRES_USER': u'pgsql', u'CONFIG_POSTGRES_DB': u'pgsql_db', u'AIX_POSTGRES_DB': u'vias', u'CONFIG_CLUSTERIP': u'10.254.92.105'}
load: load the initfiles
ERROR:  database "vias" already exists
 pg_terminate_backend 
----------------------
 t
(1 row)

DROP TABLE
DROP TABLE
psql:./uninfiles/vias_db_delete.sql:6: NOTICE:  table "tb_obj_extraction_task" does not exist, skipping
DROP TABLE
psql:./uninfiles/vias_db_delete.sql:9: NOTICE:  table "tb_face_library_task" does not exist, skipping
DROP TABLE
DROP TABLE
DROP TABLE
DROP TABLE
DROP TABLE
psql:./uninfiles/vias_db_delete.sql:10: NOTICE:  table "tb_face_library_info" does not exist, skipping
psql:./uninfiles/vias_db_delete.sql:11: NOTICE:  table "tb_face_libid_vender_version" does not exist, skipping
psql:./uninfiles/vias_db_delete.sql:12: NOTICE:  table "tb_face_info" does not exist, skipping
DROP TABLE
psql:./uninfiles/vias_db_delete.sql:14: NOTICE:  table "tb_license" does not exist, skipping
DROP TABLE
DROP TABLE
psql:./uninfiles/vias_db_delete.sql:15: NOTICE:  table "tb_face_10001" does not exist, skipping
DROP TABLE
psql:./uninfiles/vias_db_delete.sql:16: NOTICE:  table "tb_face_feature_10001" does not exist, skipping
DROP TABLE
DROP TABLE
DROP TABLE
DROP TABLE
DROP TABLE
DROP TABLE
DROP TABLE
DROP TABLE
psql:./uninfiles/vias_db_delete.sql:25: ERROR:  cannot drop the currently open database
file vias_db_delete.sql initial success!
begin unin pgsql...
cmd:/root/local/bin/kubectl get pod |grep st-pgsql|awk '{print $1}'
cmd:/root/local/bin/kubectl exec st-pgsql-0 -- sh -c "test -d /vias_unin.first || mkdir /vias_unin.first "
cmd:/root/local/bin/kubectl cp /home/hting/VIAS-V100R001B01D020/vias_install/psql/ st-pgsql-0:/vias_unin.first
podname:st-pgsql-0, workpath: /vias_unin.first
cmd:/root/local/bin/kubectl exec st-pgsql-0 -- sh -c "cd /vias_unin.first/psql && chmod +x /vias_unin.first/psql/unin.sh && /vias_unin.first/psql/unin.sh load" >> /home/hting/VIAS-V100R001B01D020/vias_install/viasuninstall.log 2>&1
unin pgsql success.
[2019-08-05 14:12:50,676]-[INFO]-[installApp.py:477]: Uninstall ---aix
[2019-08-05 14:12:52,402]-[INFO]-[file_and_json_manager.py:106]: aix
service "vias-vs-05019010000-headless" deleted
service "vias-vs-05019010000-service" deleted
Untagged: vias-srs:V100R001B01D020T1908051104-00000
Untagged: registry:5500/vias-srs:V100R001B01D020T1908051104-00000
Untagged: registry:5500/vias-srs@sha256:10bbb5217fe485806c93bacd00becb87501385f80bc1c6825a3a92c72f621947
Deleted: sha256:cae93aa22edefbd2388643ebaf7c7119917605918b57e26b97a9156c094a4dbc
Deleted: sha256:aeef146b33643d390f7b86bdb95f71b3ee5dc311a90259af8f10cbd75a856c52
Deleted: sha256:d850ba0ef5f11eaf9808a56a0cfaf195cbdc47726fd788b760a956557d640c35
Deleted: sha256:fd2abc0e72dbfb1b524aaaccb3555468bdbb76845c4ba8943e84bfd9b2f6c11b
Untagged: vias-trace:V100R001B01D020T1908051104-00000
Untagged: registry:5500/vias-trace:V100R001B01D020T1908051104-00000
Untagged: registry:5500/vias-trace@sha256:fe519641aeb3e48b7ab353ec02d62b1a76498ce98cf3dd0e2139d1aa9649a7ff
Deleted: sha256:9cc4f86624bc854e186eb4ae6469e357f36a12237c2872fe4899f0f105dec951
Deleted: sha256:e01271227a55931a3d8565bb0aca5ba8f1cf3722af61bc74e1197d5c3ad8d3ec
Deleted: sha256:ca9af314291b4b639959f572ec2d779ff3859dba9e41452f2dbab49a3e137374
Deleted: sha256:0140b09e7c94efa3f2d1d075b68a230b4d06b976746a2dfbf992d24526b8d28a
Untagged: vias-service:V100R001B01D020T1908051104-00000
Untagged: registry:5500/vias-service:V100R001B01D020T1908051104-00000
Untagged: registry:5500/vias-service@sha256:0f1d39497983f27baf1e4a14b31d798c6a2f86b03656958027e9c2226099422c
Deleted: sha256:1ae9b4e2ac9e31f9fe415d3879266467ce9a103169f8c342dd54d186f70d676c
Deleted: sha256:ce4036c3a27878ae9f617326892973168be53d022d753f2b64b6bffeb775671c
Deleted: sha256:eda32c357d0e081508034772e25450b5920250ebee38d8f2823567634cf73c10
Deleted: sha256:1b6d6533d11be0470a828fd27827b5d3e9bca513d64b95002650701de349cb08
Deleted: sha256:912659b1bf7ec6ba69b41627a7b8da0f64e0bc8fa14de099535671a790d766e4
Deleted: sha256:937f68235ad37c612a4d4412ba57a21e8a6093fabfbfca5eb2ab93e947bf1e33
Deleted: sha256:5e956f1ee24570bcc9655567c60677f0e5b0c43f1e9ed143de50485b1ec8a688
Deleted: sha256:d180b5e8264713fdedd82ec9131382c23f61f7459cd26b599eec7c55397b426f
Deleted: sha256:514a1ae0f34d8d7747d7ff51d09237753fc33b5062ddf205b41722105776f619
Deleted: sha256:1e321faec72f7663c81954be8154f5da47cc3d9815eb8412be2f3795d7188381
Deleted: sha256:72d73225ce0557c81d2b7122753fcc1a45ce50da9aa3a1beee840a32189cbc1a
Deleted: sha256:60571e380b9b13e227397f0db6dc26e3593f8d06897aa2f43bbf2c9f41b7874b
Deleted: sha256:bbb1fffd31de6f07fd88f44ae5d9931abc505f63abcbcf1c45ae73cc2952154c
Untagged: vias-ag:V100R001B01D020T1908051104-00000
Untagged: registry:5500/vias-ag:V100R001B01D020T1908051104-00000
Untagged: registry:5500/vias-ag@sha256:5ffeeeb3256f630e2d172c24a627b640b9e3f6489a7ff0fb97d0f2b9cb240543
Deleted: sha256:7ab4e6079dc4fab89b2c8ca7267857b11d7705f35ff001d9fd57c103e52e35f7
Deleted: sha256:91f7d989085dbda8c397c2bc1ad1707af5353def5abda7e8f6c0cc4d551cd270
Deleted: sha256:993e5aae2ab05d38d474b42de8317769c35cb867c290d5540bf67ddd42ad29b6
Deleted: sha256:8d5b586c71a6ab282fca0e31353f120bfef9a7921c30ec1c4a049feafdc715a9
Deleted: sha256:234d25533492bb541dd894a8b0038bdbea167145659868a904ca41b82f1ee7fc
Untagged: vias-sc:V100R001B01D020T1908051104-00000
Untagged: registry:5500/vias-sc:V100R001B01D020T1908051104-00000
Untagged: registry:5500/vias-sc@sha256:229cb473d2b61f1e612f311dca833dc5ddd39b4552f5f7a3360368be0a4d9d70
Deleted: sha256:9b794cb004db42756bd353da5ca81e09023aeb667b69e9641009d8a7de6de7e3
Deleted: sha256:ecd809f2bb34da403850cc829319c08e85eb600c5df9a37df4c0a944febae314
Deleted: sha256:0c2d75dc3bc4536fcdd8a00844ed2aa7064469d17ee9d96eeaa92503dc594107
Deleted: sha256:5176887cf31b73e75654b4f255f2b1a3c997af270a5508f5d6acb839851b402b
Deleted: sha256:1f4f89acf912deac96e9f3a30e37a698b69cb150a72c676c532f23ae414bc861
Untagged: vias-res:V100R001B01D020T1908051104-00000
Untagged: registry:5500/vias-res:V100R001B01D020T1908051104-00000
Untagged: registry:5500/vias-res@sha256:4f4cc052ee71d63702146d3d3d70eb6cac65e2f73c53b7caaadc394357c67799
Deleted: sha256:7d21ee69d1925309e27b41b31343951339d0a57b49ab44a51db39584d081b003
Deleted: sha256:3b178dbc7529f64255c726d1ff4af7fe04af3287a04f72b04276d89fe4106865
Deleted: sha256:051f74bbd03ffbb759250d16e9adc59e72af6fbb59a93faad4e1fa5238949fe6
Deleted: sha256:8438eb9117be9bf950ef531aa41c32b9b6ffe28d51278b4697107e46348b4051
Deleted: sha256:26c32a0302b00e7deee285c9af9035be71afb8b47f807db7b8363007dfef36b1
Untagged: vias-database:V100R001B01D020T1908051104-00000
Untagged: registry:5500/vias-database:V100R001B01D020T1908051104-00000
Untagged: registry:5500/vias-database@sha256:f690efba52ee74c48fa43935021ccf70337e912756343e916dfff52ec51d825f
Deleted: sha256:c2d85bc1525a7827ee09f7bf97bceb1d5e1038a2c03775fa46708985bbc8c0e4
Deleted: sha256:4d56e9bbd356a272b1380bcce62c95a1fc4918bb069056588ac89822da374aa6
Deleted: sha256:f2a48c575d57a0c1e4278faa39d72eb8d1508e9c15f8291c9fdbf1de72891264
Deleted: sha256:63bb0fa0541eff29ae1bf45a1fb4abde717502f890099e236389206f3570ac18
Deleted: sha256:df8632c022aa320c4ba85d5c86a624c9a366bf94d46ed5d809f18a676de775fb
Untagged: vias-service:V100R001B01D020T1908032019-00000
Untagged: registry:5500/vias-service:V100R001B01D020T1908032019-00000
Untagged: registry:5500/vias-service@sha256:75d651b4aeb81e64548f48495268ce6c9a769c0e06c6a08e8c2c707bf72bb122
Deleted: sha256:8c8b345ce4db9b2bb6c885a9be8f9798f0880b167ad0dbff1f1bcc028ead324f
Deleted: sha256:befe816544fdc5d376c568c165623598fd07c7e341f459c1f269aea1d4d50d39
Deleted: sha256:e91d0d606f85edcada4efe5b04fcc4a8b7955057cb9124b44fd6f483d80be0f7
Deleted: sha256:10a56a3cfd019c1fe76618028737a43e3712db81428bf884d92767322a556805
Deleted: sha256:a7709b301ad1740a447e6e9341ac52e91d5992a625ca6338200ce7c88381dca0
Deleted: sha256:38ed455b7f3a516d358aa588813e4f9b7aa70f6d43be1d8baadd4d6916b797b9
Deleted: sha256:c094b28cb4003439c0d995c8fb9b0d44ef329606e5fb1dcedc7124a08f51c7ae
Deleted: sha256:792c3df162d46026d86c6ee949f4b04154f3689f9948542ba4fbaf306a1ad145
Deleted: sha256:493632dfe61c37b797cd9cf10672474ecb8c552a7c7ef4c780f57c2797156ea2
Deleted: sha256:5dc3930fa0fb230b2eb5e5c2af0ac5a0bbe6b73c50c657a001536fa450ec4bd2
Deleted: sha256:8825f23e2585990e2eaf55069db2b38b91b7e8714246b334411bcc5558955992
Deleted: sha256:4d2a3752612ae48c341e15d93e0db1de8ac3cff1226dcaa45e7da69fbe695d1f
Untagged: vias-service:V100R001B01D020T1908031851-00000
Untagged: registry:5500/vias-service:V100R001B01D020T1908031851-00000
Untagged: registry:5500/vias-service@sha256:8221488631181888c7451e17c967791a62da1330908ad14c59526e943a4e04a4
Deleted: sha256:2c725fdb3ff7f97712dce323af92863fcc312c8dd1d926e88153931a36965ffa
Deleted: sha256:f94847a06c95b478c144d5f4e61a5b1e8c419e1b514ec4021000cd3162653b93
Deleted: sha256:322d4fb497754db4f6124c881f6bb172ca7960b197933ae4bc802ec9e886f34c
Deleted: sha256:8395a1c25f2499e91097679d1da42b90b4bbd8e3068b4fc6f84423035a09a7e5
Deleted: sha256:483cee016e3d6826993444a9c2c8b299711f9d251171fe3b90fb5fac73bd9bfd
Deleted: sha256:dfbd25e9a338c65d21e9c35f02f5b2eb757cfbe9f0ff5117aca24cd3e66ecca6
Deleted: sha256:448c389bde0b3b3676b9ae562f129d57792ae2069a48d131e7d2535fbc30ffe1
Deleted: sha256:11ed53453f403e73d6992fb151cd2727c7386671df6323f9c731a03fe864adc3
Deleted: sha256:31d4bb0eeac798ec0a648b736e7cd2d3d240ec76eca8d63aec12d47121e8d2a4
Deleted: sha256:a62d7ceb0b1a2dcd116fe0565b92a279f3f7c53f139f6f05ca622da650953ec3
Deleted: sha256:b940bf14a97d57a43f490d235411f16f108e81309a7d0d3de55b7dbdf8e9ad29
Deleted: sha256:4bf523f03eb3f9dcf757b90f61079e831109618591a887c6d7fb464d0824b70e
Untagged: vias-sc:V100R001B01D020T1908031739-00000
Deleted: sha256:b2c78e84b32349084249c56b2f5b509433214600dd27c759b7039422bfb321ff
Deleted: sha256:954a8d44578e3cc3b28cbd7754eace0c1217946e46457392938ae70f1bf469f8
Deleted: sha256:a74fcf9422787ab3aaff5e903ab82cd47d954ddfaafa63e60721557c69903ebd
Deleted: sha256:728ed57b65a6b24679bd2f9173d949f91fd3711019bdb0fc5cf10c9e024bb308
Deleted: sha256:a324e58000727663f1bd55d1b26eeb4081ea431a1fcef62c8df86f48b95610da
Untagged: vias-service:V100R001B01D020T1908031556-00000
Untagged: registry:5500/vias-service:V100R001B01D020T1908031556-00000
Untagged: registry:5500/vias-service@sha256:47ede14f123f3568a298d7dbcb15ce26280499d293a1bceb7cfb970ddfc5b97e
Deleted: sha256:f34b3e55d5e3e51c61068f59c5b2a8fd94f00443f55a52e25dc212838684f0b7
Deleted: sha256:14254bc0901def6adabdbc9dc6c1524187f4796d14c17c4a0b621d213a7786a3
Deleted: sha256:fbc4a2bdaa31c1e8f14322b71e0da541ce15313d76737ca6f19699b3537f840b
Deleted: sha256:e6a4c854d362a7a953b8522dcc641a62af8cb301191c59a36b39d9aad132de7d
Deleted: sha256:52bd529e8f637ab3cd4ef871b53941c1a33220d2333718fb36c91b1f4957d9ac
Deleted: sha256:97f51c3f5d832e942b84eedf28e95bfa210060cef7c1ace4682a834fca58e135
Deleted: sha256:aae2aa9185b0f7e090895c6c9086abbed22028cf9442c0e8e9de37473c9615b9
Deleted: sha256:9bcafd66aba3f9a03801298dd746071246c2aff2c79bc124f684f239dd4de7d6
Deleted: sha256:e7a21aa3823d98abd90a6ccf682d5e6f9b9147519c367a62d5e6efe1f7d0b379
Deleted: sha256:395e961ab65c632d2047816054646700089f1b433fa25f97d256cbb2ff0ee5df
Deleted: sha256:77a49f5f3080f6ed280330f0bf4a6f734b310503fb229e38619f754fd5af42d7
Deleted: sha256:13faa358c06ee14744b350678fc4e5cc489228b321965c3bede709ec84bc8595
Untagged: vias-service:V100R001B01D020T1908031112-00000
Untagged: registry:5500/vias-service:V100R001B01D020T1908031112-00000
Untagged: registry:5500/vias-service@sha256:7a4ad547eff6df5373ce49f17378a8578e6a6931451f486e923e5c3a2555b913
Deleted: sha256:a88ee3b18c122defbdc03832b56e8c304ccfe0f5fbf0342783f8203453d9e4c7
Deleted: sha256:71c16687896a64f5221e7fc8db1dc8fa7b235641d41f7ff5a252e938306ba588
Deleted: sha256:cb9b7afa815da25330aecacb961cdf927f66859416cf0ef23c547dcf1d5de20e
Deleted: sha256:60b766a638a87f746dd567e9daaa854136e480a764a791a2e77aced37c444abe
Deleted: sha256:7b53046a4693e54e2cc66e52f78dadba2b4e283d2d020f0572abba2dbd76afa3
Deleted: sha256:706eb45e90569064ff4ba16cd097c54cf968774e5cf9a8dc473b2f15fd2e560f
Deleted: sha256:174524f011abed88cd6653ae47c7bc624e107508db270727eb044270f7315d31
Deleted: sha256:4e3d0afa80e7c3e0d8304917429a18120f5c2a725f2d76e5bf0a95c7551a294e
Deleted: sha256:533e407c5d8d43dc4c9a206fa636d9d763650e36b9be36753f6d409af047c89c
Deleted: sha256:e49bddfff95a3a6af720a3aa937cfe4e7a99b0371cf81678f8917e1fb18a146a
Deleted: sha256:419c9c8f991f6a824db6122614e2c20b9783344beeead9c648e33f122ebbf61a
Deleted: sha256:5e6e177eb0b5b088b688ad990e61aaeac882c5a99036d97691c5d831171090a3
Untagged: registry:5500/vias-ag:V100R001B01D020T1908031112-00000
Untagged: registry:5500/vias-ag@sha256:9f090d3d1c225da467b6fcfa5081edc4bd5c5781be0b9840da10b46ba96b6b9f
Untagged: vias-ag:V100R001B01D020T1908031112-00000
Deleted: sha256:f3bf8b2f5114371679dc12bad1e43eb1f333afe8f027f13547450c1a2a581460
Deleted: sha256:565644d0ff87a1f03e55201bb4d3dfc7c39a388fc4e3c1cafe16d361bdff4a8c
Deleted: sha256:e0e1af546a6d6555290e488927be0b09ab776b65c912f23a0a35861483098edf
Deleted: sha256:8c8727997c1edc4c1b3ef03da90be52c05b45dfaa73022f3c4bbd723f49d410b
Deleted: sha256:756ea3500e98f910af59f0e4b6d48334ada4199115089029b39f616d869b2bda
Untagged: vias-sc:V100R001B01D020T1908031112-00000
Untagged: registry:5500/vias-sc:V100R001B01D020T1908031112-00000
Untagged: registry:5500/vias-sc@sha256:9be90060d1e5b253586dd6e102dc19f9c35d400f9b6a173d25fd4c132caf8cfd
Deleted: sha256:36552f83eae69b6fd8b79e2c01990b0f6f143d3bbb784237b20da1e0c6522f7a
Deleted: sha256:f3725c4b18673e9a0aab766e094bf8f60400e141d3223d6c197dfda000550604
Deleted: sha256:34723e61df2db96a621b4316d83d5d6b594659a2157f4ee0dae56c0c592210ba
Deleted: sha256:eb888ee43ace64968e3c34acb6a72737282d3a052ac0c7876fe16c1f156c8adb
Deleted: sha256:a4945486124d2c668773bedd765dbb656981d51b14778e2d3f538655f7d16176
Untagged: vias-res:V100R001B01D020T1908031112-00000
Untagged: registry:5500/vias-res:V100R001B01D020T1908031112-00000
Untagged: registry:5500/vias-res@sha256:b13a4ae048f57941f31ad37541d263d17ddd1e8bd163ab9c03cc10f4496f5db5
Deleted: sha256:dbcd383b97b343f44eeeb7d05308eac3a9707ab6847e3e8435365da66b3bc839
Deleted: sha256:e1371649fb7c775018362edc147511d48c90867c53d670ae627e1c3a1229517c
Deleted: sha256:46d2b244979fb60567c9007cf2c2b9467858ae38b4425e65e673014be494aee5
Deleted: sha256:1d1c7a043ed7c8da36721bb30960d468b83e04547e0457046877a776b57c20a7
Deleted: sha256:9e3fb1113b0eae090d29a5929015b824108cecb8cc4aa75869eb43f3d1dd6c9f
Untagged: vias-database:V100R001B01D020T1908031112-00000
Untagged: registry:5500/vias-database:V100R001B01D020T1908031112-00000
Untagged: registry:5500/vias-database@sha256:ec0ae813e0326d4a58890c6692b28e19bd95e756682f972d3b33f1907636cb65
Deleted: sha256:6febdf310920d0437cbc8792ca6c0dd070d7bd8ab0432208d91d2ee768d3a161
Deleted: sha256:22fe5440219097cf16e696cf3dddb681ab01856cf79088b42d63558719015f43
Deleted: sha256:adb030adc6271f658d6d0ef94ec48da117b7e5ffaf2392df8328a1dd09f73484
Deleted: sha256:378609f0cd04ae55163024a74dc11cd1b09e3aeca08548fe1637b65f8b69ebef
Deleted: sha256:d2c82d25e1fccf104f9706d10958b1019ddf6109607e407988e2f856f060505c
Deleted: sha256:552e2a977c250d3092d151d6c5c8780bf73e2cb490de9184e5d57e4170e3f9a4
Untagged: vias-srs:V100R001B01D020T1908031112-00000
Untagged: registry:5500/vias-srs:V100R001B01D020T1908031112-00000
Untagged: registry:5500/vias-srs@sha256:c457b4549d2e22f748b7dc25bb22d67628bfa679259532d2a4860a64641dd9fb
Deleted: sha256:ad132b162ed531f98a3f1e993a5b802058ecfd1e945d66817a348844def13eba
Deleted: sha256:78d472d482b69f229c1a1615d4dba2725b7e41622500aa1c531c2f9e119f95e6
Deleted: sha256:6cd95e8f0e19245032b0cf5b1c981659ca2690092f44e1e9a40d9cf64d0eeaa3
Deleted: sha256:0d894170f3f4d15bc68f2a63d2c542b1be5827e5dbc9e9d82e2f6ab6b5a1a399
Untagged: vias-trace:V100R001B01D020T1908031112-00000
Untagged: registry:5500/vias-trace:V100R001B01D020T1908031112-00000
Untagged: registry:5500/vias-trace@sha256:6dff8487ac3a767c3560ebff782d5f11325f07a1d79de5ba298eb02f95300f35
Deleted: sha256:c8ee6bdfe8358dd38ef4c9e8056c002219c7b7f0fb06435c234b41b685b97b31
Deleted: sha256:c5d189f44f82d1a132e2321857d8faddb908598f7812c629d575144d40219e3b
Deleted: sha256:9a699c62b71a57994b169ae577b2e009010df40535f1dae410e876abbb3c2528
Deleted: sha256:c3c0d610b4b7f919468956a0c9f7e648cccd310c4a7b31d4e81d9675537af1ee
